This is pdfTeX, Version 3.14159265-2.6-1.40.16 (TeX Live 2015/Debian) (preloaded format=pdflatex 2017.6.6)  29 JUN 2017 12:15
entering extended mode
 restricted \write18 enabled.
 %&-line parsing enabled.
**memoria.tex
(./memoria.tex
LaTeX2e <2016/02/01>
Babel <3.9q> and hyphenation patterns for 5 language(s) loaded.
(/usr/share/texlive/texmf-dist/tex/latex/base/article.cls
Document Class: article 2014/09/29 v1.4h Standard LaTeX document class
(/usr/share/texlive/texmf-dist/tex/latex/base/size12.clo
File: size12.clo 2014/09/29 v1.4h Standard LaTeX file (size option)
)
\c@part=\count79
\c@section=\count80
\c@subsection=\count81
\c@subsubsection=\count82
\c@paragraph=\count83
\c@subparagraph=\count84
\c@figure=\count85
\c@table=\count86
\abovecaptionskip=\skip41
\belowcaptionskip=\skip42
\bibindent=\dimen102
)
(/usr/share/texlive/texmf-dist/tex/latex/float/float.sty
Package: float 2001/11/08 v1.3d Float enhancements (AL)
\c@float@type=\count87
\float@exts=\toks14
\float@box=\box26
\@float@everytoks=\toks15
\@floatcapt=\box27
)
(/usr/share/texlive/texmf-dist/tex/generic/babel/babel.sty
Package: babel 2016/02/24 3.9q The Babel package

(/usr/share/texlive/texmf-dist/tex/generic/babel-english/english.ldf
Language: english 2012/08/20 v3.3p English support from the babel system

(/usr/share/texlive/texmf-dist/tex/generic/babel/babel.def
File: babel.def 2016/02/24 3.9q Babel common definitions
\babel@savecnt=\count88
\U@D=\dimen103
)
\l@canadian = a dialect from \language\l@american 
\l@australian = a dialect from \language\l@british 
\l@newzealand = a dialect from \language\l@british 
)
(/usr/share/texlive/texmf-dist/tex/generic/babel-english/english.ldf
Language: english 2012/08/20 v3.3p English support from the babel system
)
(/usr/share/texlive/texmf-dist/tex/generic/babel-english/english.ldf
Language: english 2012/08/20 v3.3p English support from the babel system
)
(/usr/share/texlive/texmf-dist/tex/generic/babel-english/english.ldf
Language: english 2012/08/20 v3.3p English support from the babel system
)
(/usr/share/texlive/texmf-dist/tex/generic/babel-english/english.ldf
Language: english 2012/08/20 v3.3p English support from the babel system
))

Package Babel Warning: The package option `english' should not be used
(Babel)                with a more specific one (like `american') on input line
 9.

(/usr/share/texlive/texmf-dist/tex/latex/geometry/geometry.sty
Package: geometry 2010/09/12 v5.6 Page Geometry

(/usr/share/texlive/texmf-dist/tex/latex/graphics/keyval.sty
Package: keyval 2014/10/28 v1.15 key=value parser (DPC)
\KV@toks@=\toks16
)
(/usr/share/texlive/texmf-dist/tex/generic/oberdiek/ifpdf.sty
Package: ifpdf 2011/01/30 v2.3 Provides the ifpdf switch (HO)
Package ifpdf Info: pdfTeX in PDF mode is detected.
)
(/usr/share/texlive/texmf-dist/tex/generic/oberdiek/ifvtex.sty
Package: ifvtex 2010/03/01 v1.5 Detect VTeX and its facilities (HO)
Package ifvtex Info: VTeX not detected.
)
(/usr/share/texlive/texmf-dist/tex/generic/ifxetex/ifxetex.sty
Package: ifxetex 2010/09/12 v0.6 Provides ifxetex conditional
)
\Gm@cnth=\count89
\Gm@cntv=\count90
\c@Gm@tempcnt=\count91
\Gm@bindingoffset=\dimen104
\Gm@wd@mp=\dimen105
\Gm@odd@mp=\dimen106
\Gm@even@mp=\dimen107
\Gm@layoutwidth=\dimen108
\Gm@layoutheight=\dimen109
\Gm@layouthoffset=\dimen110
\Gm@layoutvoffset=\dimen111
\Gm@dimlist=\toks17
)
(/usr/share/texlive/texmf-dist/tex/latex/base/inputenc.sty
Package: inputenc 2015/03/17 v1.2c Input encoding file
\inpenc@prehook=\toks18
\inpenc@posthook=\toks19

(/usr/share/texlive/texmf-dist/tex/latex/base/utf8.def
File: utf8.def 2015/12/03 v1.1r UTF-8 support for inputenc
Now handling font encoding OML ...
... no UTF-8 mapping file for font encoding OML
Now handling font encoding T1 ...
... processing UTF-8 mapping file for font encoding T1

(/usr/share/texlive/texmf-dist/tex/latex/base/t1enc.dfu
File: t1enc.dfu 2015/12/03 v1.1r UTF-8 support for inputenc
   defining Unicode char U+00A0 (decimal 160)
   defining Unicode char U+00A1 (decimal 161)
   defining Unicode char U+00A3 (decimal 163)
   defining Unicode char U+00AB (decimal 171)
   defining Unicode char U+00AD (decimal 173)
   defining Unicode char U+00BB (decimal 187)
   defining Unicode char U+00BF (decimal 191)
   defining Unicode char U+00C0 (decimal 192)
   defining Unicode char U+00C1 (decimal 193)
   defining Unicode char U+00C2 (decimal 194)
   defining Unicode char U+00C3 (decimal 195)
   defining Unicode char U+00C4 (decimal 196)
   defining Unicode char U+00C5 (decimal 197)
   defining Unicode char U+00C6 (decimal 198)
   defining Unicode char U+00C7 (decimal 199)
   defining Unicode char U+00C8 (decimal 200)
   defining Unicode char U+00C9 (decimal 201)
   defining Unicode char U+00CA (decimal 202)
   defining Unicode char U+00CB (decimal 203)
   defining Unicode char U+00CC (decimal 204)
   defining Unicode char U+00CD (decimal 205)
   defining Unicode char U+00CE (decimal 206)
   defining Unicode char U+00CF (decimal 207)
   defining Unicode char U+00D0 (decimal 208)
   defining Unicode char U+00D1 (decimal 209)
   defining Unicode char U+00D2 (decimal 210)
   defining Unicode char U+00D3 (decimal 211)
   defining Unicode char U+00D4 (decimal 212)
   defining Unicode char U+00D5 (decimal 213)
   defining Unicode char U+00D6 (decimal 214)
   defining Unicode char U+00D8 (decimal 216)
   defining Unicode char U+00D9 (decimal 217)
   defining Unicode char U+00DA (decimal 218)
   defining Unicode char U+00DB (decimal 219)
   defining Unicode char U+00DC (decimal 220)
   defining Unicode char U+00DD (decimal 221)
   defining Unicode char U+00DE (decimal 222)
   defining Unicode char U+00DF (decimal 223)
   defining Unicode char U+00E0 (decimal 224)
   defining Unicode char U+00E1 (decimal 225)
   defining Unicode char U+00E2 (decimal 226)
   defining Unicode char U+00E3 (decimal 227)
   defining Unicode char U+00E4 (decimal 228)
   defining Unicode char U+00E5 (decimal 229)
   defining Unicode char U+00E6 (decimal 230)
   defining Unicode char U+00E7 (decimal 231)
   defining Unicode char U+00E8 (decimal 232)
   defining Unicode char U+00E9 (decimal 233)
   defining Unicode char U+00EA (decimal 234)
   defining Unicode char U+00EB (decimal 235)
   defining Unicode char U+00EC (decimal 236)
   defining Unicode char U+00ED (decimal 237)
   defining Unicode char U+00EE (decimal 238)
   defining Unicode char U+00EF (decimal 239)
   defining Unicode char U+00F0 (decimal 240)
   defining Unicode char U+00F1 (decimal 241)
   defining Unicode char U+00F2 (decimal 242)
   defining Unicode char U+00F3 (decimal 243)
   defining Unicode char U+00F4 (decimal 244)
   defining Unicode char U+00F5 (decimal 245)
   defining Unicode char U+00F6 (decimal 246)
   defining Unicode char U+00F8 (decimal 248)
   defining Unicode char U+00F9 (decimal 249)
   defining Unicode char U+00FA (decimal 250)
   defining Unicode char U+00FB (decimal 251)
   defining Unicode char U+00FC (decimal 252)
   defining Unicode char U+00FD (decimal 253)
   defining Unicode char U+00FE (decimal 254)
   defining Unicode char U+00FF (decimal 255)
   defining Unicode char U+0100 (decimal 256)
   defining Unicode char U+0101 (decimal 257)
   defining Unicode char U+0102 (decimal 258)
   defining Unicode char U+0103 (decimal 259)
   defining Unicode char U+0104 (decimal 260)
   defining Unicode char U+0105 (decimal 261)
   defining Unicode char U+0106 (decimal 262)
   defining Unicode char U+0107 (decimal 263)
   defining Unicode char U+0108 (decimal 264)
   defining Unicode char U+0109 (decimal 265)
   defining Unicode char U+010A (decimal 266)
   defining Unicode char U+010B (decimal 267)
   defining Unicode char U+010C (decimal 268)
   defining Unicode char U+010D (decimal 269)
   defining Unicode char U+010E (decimal 270)
   defining Unicode char U+010F (decimal 271)
   defining Unicode char U+0110 (decimal 272)
   defining Unicode char U+0111 (decimal 273)
   defining Unicode char U+0112 (decimal 274)
   defining Unicode char U+0113 (decimal 275)
   defining Unicode char U+0114 (decimal 276)
   defining Unicode char U+0115 (decimal 277)
   defining Unicode char U+0116 (decimal 278)
   defining Unicode char U+0117 (decimal 279)
   defining Unicode char U+0118 (decimal 280)
   defining Unicode char U+0119 (decimal 281)
   defining Unicode char U+011A (decimal 282)
   defining Unicode char U+011B (decimal 283)
   defining Unicode char U+011C (decimal 284)
   defining Unicode char U+011D (decimal 285)
   defining Unicode char U+011E (decimal 286)
   defining Unicode char U+011F (decimal 287)
   defining Unicode char U+0120 (decimal 288)
   defining Unicode char U+0121 (decimal 289)
   defining Unicode char U+0122 (decimal 290)
   defining Unicode char U+0123 (decimal 291)
   defining Unicode char U+0124 (decimal 292)
   defining Unicode char U+0125 (decimal 293)
   defining Unicode char U+0128 (decimal 296)
   defining Unicode char U+0129 (decimal 297)
   defining Unicode char U+012A (decimal 298)
   defining Unicode char U+012B (decimal 299)
   defining Unicode char U+012C (decimal 300)
   defining Unicode char U+012D (decimal 301)
   defining Unicode char U+012E (decimal 302)
   defining Unicode char U+012F (decimal 303)
   defining Unicode char U+0130 (decimal 304)
   defining Unicode char U+0131 (decimal 305)
   defining Unicode char U+0132 (decimal 306)
   defining Unicode char U+0133 (decimal 307)
   defining Unicode char U+0134 (decimal 308)
   defining Unicode char U+0135 (decimal 309)
   defining Unicode char U+0136 (decimal 310)
   defining Unicode char U+0137 (decimal 311)
   defining Unicode char U+0139 (decimal 313)
   defining Unicode char U+013A (decimal 314)
   defining Unicode char U+013B (decimal 315)
   defining Unicode char U+013C (decimal 316)
   defining Unicode char U+013D (decimal 317)
   defining Unicode char U+013E (decimal 318)
   defining Unicode char U+0141 (decimal 321)
   defining Unicode char U+0142 (decimal 322)
   defining Unicode char U+0143 (decimal 323)
   defining Unicode char U+0144 (decimal 324)
   defining Unicode char U+0145 (decimal 325)
   defining Unicode char U+0146 (decimal 326)
   defining Unicode char U+0147 (decimal 327)
   defining Unicode char U+0148 (decimal 328)
   defining Unicode char U+014A (decimal 330)
   defining Unicode char U+014B (decimal 331)
   defining Unicode char U+014C (decimal 332)
   defining Unicode char U+014D (decimal 333)
   defining Unicode char U+014E (decimal 334)
   defining Unicode char U+014F (decimal 335)
   defining Unicode char U+0150 (decimal 336)
   defining Unicode char U+0151 (decimal 337)
   defining Unicode char U+0152 (decimal 338)
   defining Unicode char U+0153 (decimal 339)
   defining Unicode char U+0154 (decimal 340)
   defining Unicode char U+0155 (decimal 341)
   defining Unicode char U+0156 (decimal 342)
   defining Unicode char U+0157 (decimal 343)
   defining Unicode char U+0158 (decimal 344)
   defining Unicode char U+0159 (decimal 345)
   defining Unicode char U+015A (decimal 346)
   defining Unicode char U+015B (decimal 347)
   defining Unicode char U+015C (decimal 348)
   defining Unicode char U+015D (decimal 349)
   defining Unicode char U+015E (decimal 350)
   defining Unicode char U+015F (decimal 351)
   defining Unicode char U+0160 (decimal 352)
   defining Unicode char U+0161 (decimal 353)
   defining Unicode char U+0162 (decimal 354)
   defining Unicode char U+0163 (decimal 355)
   defining Unicode char U+0164 (decimal 356)
   defining Unicode char U+0165 (decimal 357)
   defining Unicode char U+0168 (decimal 360)
   defining Unicode char U+0169 (decimal 361)
   defining Unicode char U+016A (decimal 362)
   defining Unicode char U+016B (decimal 363)
   defining Unicode char U+016C (decimal 364)
   defining Unicode char U+016D (decimal 365)
   defining Unicode char U+016E (decimal 366)
   defining Unicode char U+016F (decimal 367)
   defining Unicode char U+0170 (decimal 368)
   defining Unicode char U+0171 (decimal 369)
   defining Unicode char U+0172 (decimal 370)
   defining Unicode char U+0173 (decimal 371)
   defining Unicode char U+0174 (decimal 372)
   defining Unicode char U+0175 (decimal 373)
   defining Unicode char U+0176 (decimal 374)
   defining Unicode char U+0177 (decimal 375)
   defining Unicode char U+0178 (decimal 376)
   defining Unicode char U+0179 (decimal 377)
   defining Unicode char U+017A (decimal 378)
   defining Unicode char U+017B (decimal 379)
   defining Unicode char U+017C (decimal 380)
   defining Unicode char U+017D (decimal 381)
   defining Unicode char U+017E (decimal 382)
   defining Unicode char U+01CD (decimal 461)
   defining Unicode char U+01CE (decimal 462)
   defining Unicode char U+01CF (decimal 463)
   defining Unicode char U+01D0 (decimal 464)
   defining Unicode char U+01D1 (decimal 465)
   defining Unicode char U+01D2 (decimal 466)
   defining Unicode char U+01D3 (decimal 467)
   defining Unicode char U+01D4 (decimal 468)
   defining Unicode char U+01E2 (decimal 482)
   defining Unicode char U+01E3 (decimal 483)
   defining Unicode char U+01E6 (decimal 486)
   defining Unicode char U+01E7 (decimal 487)
   defining Unicode char U+01E8 (decimal 488)
   defining Unicode char U+01E9 (decimal 489)
   defining Unicode char U+01EA (decimal 490)
   defining Unicode char U+01EB (decimal 491)
   defining Unicode char U+01F0 (decimal 496)
   defining Unicode char U+01F4 (decimal 500)
   defining Unicode char U+01F5 (decimal 501)
   defining Unicode char U+0218 (decimal 536)
   defining Unicode char U+0219 (decimal 537)
   defining Unicode char U+021A (decimal 538)
   defining Unicode char U+021B (decimal 539)
   defining Unicode char U+01E02 (decimal 7682)
   defining Unicode char U+01E03 (decimal 7683)
   defining Unicode char U+200C (decimal 8204)
   defining Unicode char U+2013 (decimal 8211)
   defining Unicode char U+2014 (decimal 8212)
   defining Unicode char U+2018 (decimal 8216)
   defining Unicode char U+2019 (decimal 8217)
   defining Unicode char U+201A (decimal 8218)
   defining Unicode char U+201C (decimal 8220)
   defining Unicode char U+201D (decimal 8221)
   defining Unicode char U+201E (decimal 8222)
   defining Unicode char U+2030 (decimal 8240)
   defining Unicode char U+2031 (decimal 8241)
   defining Unicode char U+2039 (decimal 8249)
   defining Unicode char U+203A (decimal 8250)
   defining Unicode char U+2423 (decimal 9251)
)
Now handling font encoding OT1 ...
... processing UTF-8 mapping file for font encoding OT1

(/usr/share/texlive/texmf-dist/tex/latex/base/ot1enc.dfu
File: ot1enc.dfu 2015/12/03 v1.1r UTF-8 support for inputenc
   defining Unicode char U+00A0 (decimal 160)
   defining Unicode char U+00A1 (decimal 161)
   defining Unicode char U+00A3 (decimal 163)
   defining Unicode char U+00AD (decimal 173)
   defining Unicode char U+00B8 (decimal 184)
   defining Unicode char U+00BF (decimal 191)
   defining Unicode char U+00C5 (decimal 197)
   defining Unicode char U+00C6 (decimal 198)
   defining Unicode char U+00D8 (decimal 216)
   defining Unicode char U+00DF (decimal 223)
   defining Unicode char U+00E6 (decimal 230)
   defining Unicode char U+00EC (decimal 236)
   defining Unicode char U+00ED (decimal 237)
   defining Unicode char U+00EE (decimal 238)
   defining Unicode char U+00EF (decimal 239)
   defining Unicode char U+00F8 (decimal 248)
   defining Unicode char U+0131 (decimal 305)
   defining Unicode char U+0141 (decimal 321)
   defining Unicode char U+0142 (decimal 322)
   defining Unicode char U+0152 (decimal 338)
   defining Unicode char U+0153 (decimal 339)
   defining Unicode char U+0174 (decimal 372)
   defining Unicode char U+0175 (decimal 373)
   defining Unicode char U+0176 (decimal 374)
   defining Unicode char U+0177 (decimal 375)
   defining Unicode char U+0218 (decimal 536)
   defining Unicode char U+0219 (decimal 537)
   defining Unicode char U+021A (decimal 538)
   defining Unicode char U+021B (decimal 539)
   defining Unicode char U+2013 (decimal 8211)
   defining Unicode char U+2014 (decimal 8212)
   defining Unicode char U+2018 (decimal 8216)
   defining Unicode char U+2019 (decimal 8217)
   defining Unicode char U+201C (decimal 8220)
   defining Unicode char U+201D (decimal 8221)
)
Now handling font encoding OMS ...
... processing UTF-8 mapping file for font encoding OMS

(/usr/share/texlive/texmf-dist/tex/latex/base/omsenc.dfu
File: omsenc.dfu 2015/12/03 v1.1r UTF-8 support for inputenc
   defining Unicode char U+00A7 (decimal 167)
   defining Unicode char U+00B6 (decimal 182)
   defining Unicode char U+00B7 (decimal 183)
   defining Unicode char U+2020 (decimal 8224)
   defining Unicode char U+2021 (decimal 8225)
   defining Unicode char U+2022 (decimal 8226)
)
Now handling font encoding OMX ...
... no UTF-8 mapping file for font encoding OMX
Now handling font encoding U ...
... no UTF-8 mapping file for font encoding U
   defining Unicode char U+00A9 (decimal 169)
   defining Unicode char U+00AA (decimal 170)
   defining Unicode char U+00AE (decimal 174)
   defining Unicode char U+00BA (decimal 186)
   defining Unicode char U+02C6 (decimal 710)
   defining Unicode char U+02DC (decimal 732)
   defining Unicode char U+200C (decimal 8204)
   defining Unicode char U+2026 (decimal 8230)
   defining Unicode char U+2122 (decimal 8482)
   defining Unicode char U+2423 (decimal 9251)
))
(/usr/share/texlive/texmf-dist/tex/latex/graphics/graphicx.sty
Package: graphicx 2014/10/28 v1.0g Enhanced LaTeX Graphics (DPC,SPQR)

(/usr/share/texlive/texmf-dist/tex/latex/graphics/graphics.sty
Package: graphics 2016/01/03 v1.0q Standard LaTeX Graphics (DPC,SPQR)

(/usr/share/texlive/texmf-dist/tex/latex/graphics/trig.sty
Package: trig 2016/01/03 v1.10 sin cos tan (DPC)
)
(/usr/share/texlive/texmf-dist/tex/latex/latexconfig/graphics.cfg
File: graphics.cfg 2010/04/23 v1.9 graphics configuration of TeX Live
)
Package graphics Info: Driver file: pdftex.def on input line 95.

(/usr/share/texlive/texmf-dist/tex/latex/pdftex-def/pdftex.def
File: pdftex.def 2011/05/27 v0.06d Graphics/color for pdfTeX

(/usr/share/texlive/texmf-dist/tex/generic/oberdiek/infwarerr.sty
Package: infwarerr 2010/04/08 v1.3 Providing info/warning/error messages (HO)
)
(/usr/share/texlive/texmf-dist/tex/generic/oberdiek/ltxcmds.sty
Package: ltxcmds 2011/11/09 v1.22 LaTeX kernel commands for general use (HO)
)
\Gread@gobject=\count92
))
\Gin@req@height=\dimen112
\Gin@req@width=\dimen113
)
(/usr/share/texlive/texmf-dist/tex/latex/graphics/color.sty
Package: color 2016/01/03 v1.1b Standard LaTeX Color (DPC)

(/usr/share/texlive/texmf-dist/tex/latex/latexconfig/color.cfg
File: color.cfg 2007/01/18 v1.5 color configuration of teTeX/TeXLive
)
Package color Info: Driver file: pdftex.def on input line 143.
)
(/usr/share/texlive/texmf-dist/tex/latex/hyperref/hyperref.sty
Package: hyperref 2012/11/06 v6.83m Hypertext links for LaTeX

(/usr/share/texlive/texmf-dist/tex/generic/oberdiek/hobsub-hyperref.sty
Package: hobsub-hyperref 2012/05/28 v1.13 Bundle oberdiek, subset hyperref (HO)


(/usr/share/texlive/texmf-dist/tex/generic/oberdiek/hobsub-generic.sty
Package: hobsub-generic 2012/05/28 v1.13 Bundle oberdiek, subset generic (HO)
Package: hobsub 2012/05/28 v1.13 Construct package bundles (HO)
Package hobsub Info: Skipping package `infwarerr' (already loaded).
Package hobsub Info: Skipping package `ltxcmds' (already loaded).
Package: ifluatex 2010/03/01 v1.3 Provides the ifluatex switch (HO)
Package ifluatex Info: LuaTeX not detected.
Package hobsub Info: Skipping package `ifvtex' (already loaded).
Package: intcalc 2007/09/27 v1.1 Expandable calculations with integers (HO)
Package hobsub Info: Skipping package `ifpdf' (already loaded).
Package: etexcmds 2011/02/16 v1.5 Avoid name clashes with e-TeX commands (HO)
Package etexcmds Info: Could not find \expanded.
(etexcmds)             That can mean that you are not using pdfTeX 1.50 or
(etexcmds)             that some package has redefined \expanded.
(etexcmds)             In the latter case, load this package earlier.
Package: kvsetkeys 2012/04/25 v1.16 Key value parser (HO)
Package: kvdefinekeys 2011/04/07 v1.3 Define keys (HO)
Package: pdftexcmds 2011/11/29 v0.20 Utility functions of pdfTeX for LuaTeX (HO
)
Package pdftexcmds Info: LuaTeX not detected.
Package pdftexcmds Info: \pdf@primitive is available.
Package pdftexcmds Info: \pdf@ifprimitive is available.
Package pdftexcmds Info: \pdfdraftmode found.
Package: pdfescape 2011/11/25 v1.13 Implements pdfTeX's escape features (HO)
Package: bigintcalc 2012/04/08 v1.3 Expandable calculations on big integers (HO
)
Package: bitset 2011/01/30 v1.1 Handle bit-vector datatype (HO)
Package: uniquecounter 2011/01/30 v1.2 Provide unlimited unique counter (HO)
)
Package hobsub Info: Skipping package `hobsub' (already loaded).
Package: letltxmacro 2010/09/02 v1.4 Let assignment for LaTeX macros (HO)
Package: hopatch 2012/05/28 v1.2 Wrapper for package hooks (HO)
Package: xcolor-patch 2011/01/30 xcolor patch
Package: atveryend 2011/06/30 v1.8 Hooks at the very end of document (HO)
Package atveryend Info: \enddocument detected (standard20110627).
Package: atbegshi 2011/10/05 v1.16 At begin shipout hook (HO)
Package: refcount 2011/10/16 v3.4 Data extraction from label references (HO)
Package: hycolor 2011/01/30 v1.7 Color options for hyperref/bookmark (HO)
)
(/usr/share/texlive/texmf-dist/tex/latex/oberdiek/auxhook.sty
Package: auxhook 2011/03/04 v1.3 Hooks for auxiliary files (HO)
)
(/usr/share/texlive/texmf-dist/tex/latex/oberdiek/kvoptions.sty
Package: kvoptions 2011/06/30 v3.11 Key value format for package options (HO)
)
\@linkdim=\dimen114
\Hy@linkcounter=\count93
\Hy@pagecounter=\count94

(/usr/share/texlive/texmf-dist/tex/latex/hyperref/pd1enc.def
File: pd1enc.def 2012/11/06 v6.83m Hyperref: PDFDocEncoding definition (HO)
Now handling font encoding PD1 ...
... no UTF-8 mapping file for font encoding PD1
)
\Hy@SavedSpaceFactor=\count95

(/usr/share/texlive/texmf-dist/tex/latex/latexconfig/hyperref.cfg
File: hyperref.cfg 2002/06/06 v1.2 hyperref configuration of TeXLive
)
Package hyperref Info: Hyper figures OFF on input line 4443.
Package hyperref Info: Link nesting OFF on input line 4448.
Package hyperref Info: Hyper index ON on input line 4451.
Package hyperref Info: Plain pages OFF on input line 4458.
Package hyperref Info: Backreferencing OFF on input line 4463.
Package hyperref Info: Implicit mode ON; LaTeX internals redefined.
Package hyperref Info: Bookmarks ON on input line 4688.
\c@Hy@tempcnt=\count96

(/usr/share/texlive/texmf-dist/tex/latex/url/url.sty
\Urlmuskip=\muskip10
Package: url 2013/09/16  ver 3.4  Verb mode for urls, etc.
)
LaTeX Info: Redefining \url on input line 5041.
\XeTeXLinkMargin=\dimen115
\Fld@menulength=\count97
\Field@Width=\dimen116
\Fld@charsize=\dimen117
Package hyperref Info: Hyper figures OFF on input line 6295.
Package hyperref Info: Link nesting OFF on input line 6300.
Package hyperref Info: Hyper index ON on input line 6303.
Package hyperref Info: backreferencing OFF on input line 6310.
Package hyperref Info: Link coloring OFF on input line 6315.
Package hyperref Info: Link coloring with OCG OFF on input line 6320.
Package hyperref Info: PDF/A mode OFF on input line 6325.
LaTeX Info: Redefining \ref on input line 6365.
LaTeX Info: Redefining \pageref on input line 6369.
\Hy@abspage=\count98
\c@Item=\count99
\c@Hfootnote=\count100
)

Package hyperref Message: Driver (autodetected): hpdftex.

(/usr/share/texlive/texmf-dist/tex/latex/hyperref/hpdftex.def
File: hpdftex.def 2012/11/06 v6.83m Hyperref driver for pdfTeX
\Fld@listcount=\count101
\c@bookmark@seq@number=\count102

(/usr/share/texlive/texmf-dist/tex/latex/oberdiek/rerunfilecheck.sty
Package: rerunfilecheck 2011/04/15 v1.7 Rerun checks for auxiliary files (HO)
Package uniquecounter Info: New unique counter `rerunfilecheck' on input line 2
82.
)
\Hy@SectionHShift=\skip43
)
(/usr/share/texlive/texmf-dist/tex/latex/tools/longtable.sty
Package: longtable 2014/10/28 v4.11 Multi-page Table package (DPC)
\LTleft=\skip44
\LTright=\skip45
\LTpre=\skip46
\LTpost=\skip47
\LTchunksize=\count103
\LTcapwidth=\dimen118
\LT@head=\box28
\LT@firsthead=\box29
\LT@foot=\box30
\LT@lastfoot=\box31
\LT@cols=\count104
\LT@rows=\count105
\c@LT@tables=\count106
\c@LT@chunks=\count107
\LT@p@ftn=\toks20
)
(/usr/share/texlive/texmf-dist/tex/latex/amsmath/amsmath.sty
Package: amsmath 2016/03/03 v2.15a AMS math features
\@mathmargin=\skip48

For additional information on amsmath, use the `?' option.
(/usr/share/texlive/texmf-dist/tex/latex/amsmath/amstext.sty
Package: amstext 2000/06/29 v2.01 AMS text

(/usr/share/texlive/texmf-dist/tex/latex/amsmath/amsgen.sty
File: amsgen.sty 1999/11/30 v2.0 generic functions
\@emptytoks=\toks21
\ex@=\dimen119
))
(/usr/share/texlive/texmf-dist/tex/latex/amsmath/amsbsy.sty
Package: amsbsy 1999/11/29 v1.2d Bold Symbols
\pmbraise@=\dimen120
)
(/usr/share/texlive/texmf-dist/tex/latex/amsmath/amsopn.sty
Package: amsopn 1999/12/14 v2.01 operator names
)
\inf@bad=\count108
LaTeX Info: Redefining \frac on input line 199.
\uproot@=\count109
\leftroot@=\count110
LaTeX Info: Redefining \overline on input line 297.
\classnum@=\count111
\DOTSCASE@=\count112
LaTeX Info: Redefining \ldots on input line 394.
LaTeX Info: Redefining \dots on input line 397.
LaTeX Info: Redefining \cdots on input line 518.
\Mathstrutbox@=\box32
\strutbox@=\box33
\big@size=\dimen121
LaTeX Font Info:    Redeclaring font encoding OML on input line 630.
LaTeX Font Info:    Redeclaring font encoding OMS on input line 631.
\macc@depth=\count113
\c@MaxMatrixCols=\count114
\dotsspace@=\muskip11
\c@parentequation=\count115
\dspbrk@lvl=\count116
\tag@help=\toks22
\row@=\count117
\column@=\count118
\maxfields@=\count119
\andhelp@=\toks23
\eqnshift@=\dimen122
\alignsep@=\dimen123
\tagshift@=\dimen124
\tagwidth@=\dimen125
\totwidth@=\dimen126
\lineht@=\dimen127
\@envbody=\toks24
\multlinegap=\skip49
\multlinetaggap=\skip50
\mathdisplay@stack=\toks25
LaTeX Info: Redefining \[ on input line 2735.
LaTeX Info: Redefining \] on input line 2736.
)
(/usr/share/texlive/texmf-dist/tex/latex/subfigure/subfigure.sty
Package: subfigure 2002/03/15 v2.1.5 subfigure package
\subfigtopskip=\skip51
\subfigcapskip=\skip52
\subfigcaptopadj=\dimen128
\subfigbottomskip=\skip53
\subfigcapmargin=\dimen129
\subfiglabelskip=\skip54
\c@subfigure=\count120
\c@lofdepth=\count121
\c@subtable=\count122
\c@lotdepth=\count123

****************************************
* Local config file subfigure.cfg used *
****************************************
(/usr/share/texlive/texmf-dist/tex/latex/subfigure/subfigure.cfg)
\subfig@top=\skip55
\subfig@bottom=\skip56
)
(/usr/share/texlive/texmf-dist/tex/latex/listings/listings.sty
\lst@mode=\count124
\lst@gtempboxa=\box34
\lst@token=\toks26
\lst@length=\count125
\lst@currlwidth=\dimen130
\lst@column=\count126
\lst@pos=\count127
\lst@lostspace=\dimen131
\lst@width=\dimen132
\lst@newlines=\count128
\lst@lineno=\count129
\lst@maxwidth=\dimen133

(/usr/share/texlive/texmf-dist/tex/latex/listings/lstmisc.sty
File: lstmisc.sty 2015/06/04 1.6 (Carsten Heinz)
\c@lstnumber=\count130
\lst@skipnumbers=\count131
\lst@framebox=\box35
)
(/usr/share/texlive/texmf-dist/tex/latex/listings/listings.cfg
File: listings.cfg 2015/06/04 1.6 listings configuration
))
Package: listings 2015/06/04 1.6 (Carsten Heinz)

(/usr/share/texlive/texmf-dist/tex/latex/caption/caption.sty
Package: caption 2016/02/21 v3.3-144 Customizing captions (AR)

(/usr/share/texlive/texmf-dist/tex/latex/caption/caption3.sty
Package: caption3 2016/02/04 v1.7-139 caption3 kernel (AR)
Package caption3 Info: TeX engine: e-TeX on input line 67.
\captionmargin=\dimen134
\captionmargin@=\dimen135
\captionwidth=\dimen136
\caption@tempdima=\dimen137
\caption@indent=\dimen138
\caption@parindent=\dimen139
\caption@hangindent=\dimen140
)
\c@ContinuedFloat=\count132
Package caption Info: float package is loaded.
Package caption Info: hyperref package is loaded.
Package caption Info: listings package is loaded.
Package caption Info: longtable package is loaded.

(/usr/share/texlive/texmf-dist/tex/latex/caption/ltcaption.sty
Package: ltcaption 2013/06/09 v1.4-94 longtable captions (AR)
)
Package caption Info: subfigure package is loaded.
)
(/usr/share/texlive/texmf-dist/tex/latex/algorithms/algorithm.sty
Package: algorithm 2009/08/24 v0.1 Document Style `algorithm' - floating enviro
nment

(/usr/share/texlive/texmf-dist/tex/latex/base/ifthen.sty
Package: ifthen 2014/09/29 v1.1c Standard LaTeX ifthen package (DPC)
)
\@float@every@algorithm=\toks27
\c@algorithm=\count133
)
(/usr/share/texlive/texmf-dist/tex/latex/algorithmicx/algpseudocode.sty
Package: algpseudocode 

(/usr/share/texlive/texmf-dist/tex/latex/algorithmicx/algorithmicx.sty
Package: algorithmicx 2005/04/27 v1.2 Algorithmicx

Document Style algorithmicx 1.2 - a greatly improved `algorithmic' style
\c@ALG@line=\count134
\c@ALG@rem=\count135
\c@ALG@nested=\count136
\ALG@tlm=\skip57
\ALG@thistlm=\skip58
\c@ALG@Lnr=\count137
\c@ALG@blocknr=\count138
\c@ALG@storecount=\count139
\c@ALG@tmpcounter=\count140
\ALG@tmplength=\skip59
)
Document Style - pseudocode environments for use with the `algorithmicx' style
) (/usr/share/texlive/texmf-dist/tex/latex/eurosym/eurosym.sty
Package: eurosym 1998/08/06 v1.1 European currency symbol ``Euro''
\@eurobox=\box36
)
(/usr/share/texlive/texmf-dist/tex/latex/parskip/parskip.sty
Package: parskip 2001/04/09 non-zero parskip adjustments
)
(/usr/share/texlive/texmf-dist/tex/latex/amsfonts/amssymb.sty
Package: amssymb 2013/01/14 v3.01 AMS font symbols

(/usr/share/texlive/texmf-dist/tex/latex/amsfonts/amsfonts.sty
Package: amsfonts 2013/01/14 v3.01 Basic AMSFonts support
\symAMSa=\mathgroup4
\symAMSb=\mathgroup5
LaTeX Font Info:    Overwriting math alphabet `\mathfrak' in version `bold'
(Font)                  U/euf/m/n --> U/euf/b/n on input line 106.
))

LaTeX Warning: Unused global option(s):
    [openright].

(./memoria.aux

LaTeX Warning: Label `track1w' multiply defined.


LaTeX Warning: Label `petsExample' multiply defined.


LaTeX Warning: Label `timing2' multiply defined.

)
\openout1 = `memoria.aux'.

LaTeX Font Info:    Checking defaults for OML/cmm/m/it on input line 34.
LaTeX Font Info:    ... okay on input line 34.
LaTeX Font Info:    Checking defaults for T1/cmr/m/n on input line 34.
LaTeX Font Info:    ... okay on input line 34.
LaTeX Font Info:    Checking defaults for OT1/cmr/m/n on input line 34.
LaTeX Font Info:    ... okay on input line 34.
LaTeX Font Info:    Checking defaults for OMS/cmsy/m/n on input line 34.
LaTeX Font Info:    ... okay on input line 34.
LaTeX Font Info:    Checking defaults for OMX/cmex/m/n on input line 34.
LaTeX Font Info:    ... okay on input line 34.
LaTeX Font Info:    Checking defaults for U/cmr/m/n on input line 34.
LaTeX Font Info:    ... okay on input line 34.
LaTeX Font Info:    Checking defaults for PD1/pdf/m/n on input line 34.
LaTeX Font Info:    ... okay on input line 34.

*geometry* driver: auto-detecting
*geometry* detected driver: pdftex
*geometry* verbose mode - [ preamble ] result:
* driver: pdftex
* paper: a4paper
* layout: <same size as paper>
* layoutoffset:(h,v)=(0.0pt,0.0pt)
* modes: twoside 
* h-part:(L,W,R)=(71.13188pt, 455.24411pt, 71.13188pt)
* v-part:(T,H,B)=(71.13188pt, 702.78308pt, 71.13188pt)
* \paperwidth=597.50787pt
* \paperheight=845.04684pt
* \textwidth=455.24411pt
* \textheight=702.78308pt
* \oddsidemargin=-1.1381pt
* \evensidemargin=-1.1381pt
* \topmargin=-38.1381pt
* \headheight=12.0pt
* \headsep=25.0pt
* \topskip=12.0pt
* \footskip=30.0pt
* \marginparwidth=85.0pt
* \marginparsep=10.0pt
* \columnsep=10.0pt
* \skip\footins=10.8pt plus 4.0pt minus 2.0pt
* \hoffset=0.0pt
* \voffset=0.0pt
* \mag=1000
* \@twocolumnfalse
* \@twosidetrue
* \@mparswitchtrue
* \@reversemarginfalse
* (1in=72.27pt=25.4mm, 1cm=28.453pt)

(/usr/share/texlive/texmf-dist/tex/context/base/supp-pdf.mkii
[Loading MPS to PDF converter (version 2006.09.02).]
\scratchcounter=\count141
\scratchdimen=\dimen141
\scratchbox=\box37
\nofMPsegments=\count142
\nofMParguments=\count143
\everyMPshowfont=\toks28
\MPscratchCnt=\count144
\MPscratchDim=\dimen142
\MPnumerator=\count145
\makeMPintoPDFobject=\count146
\everyMPtoPDFconversion=\toks29
) (/usr/share/texlive/texmf-dist/tex/latex/oberdiek/epstopdf-base.sty
Package: epstopdf-base 2010/02/09 v2.5 Base part for package epstopdf

(/usr/share/texlive/texmf-dist/tex/latex/oberdiek/grfext.sty
Package: grfext 2010/08/19 v1.1 Manage graphics extensions (HO)
)
Package grfext Info: Graphics extension search list:
(grfext)             [.png,.pdf,.jpg,.mps,.jpeg,.jbig2,.jb2,.PNG,.PDF,.JPG,.JPE
G,.JBIG2,.JB2,.eps]
(grfext)             \AppendGraphicsExtensions on input line 452.

(/usr/share/texlive/texmf-dist/tex/latex/latexconfig/epstopdf-sys.cfg
File: epstopdf-sys.cfg 2010/07/13 v1.3 Configuration of (r)epstopdf for TeX Liv
e
))
\AtBeginShipoutBox=\box38
Package hyperref Info: Link coloring OFF on input line 34.

(/usr/share/texlive/texmf-dist/tex/latex/hyperref/nameref.sty
Package: nameref 2012/10/27 v2.43 Cross-referencing by name of section

(/usr/share/texlive/texmf-dist/tex/generic/oberdiek/gettitlestring.sty
Package: gettitlestring 2010/12/03 v1.4 Cleanup title references (HO)
)
\c@section@level=\count147
)
LaTeX Info: Redefining \ref on input line 34.
LaTeX Info: Redefining \pageref on input line 34.
LaTeX Info: Redefining \nameref on input line 34.

(./memoria.out) (./memoria.out)
\@outlinefile=\write3
\openout3 = `memoria.out'.

\c@lstlisting=\count148
Package caption Info: Begin \AtBeginDocument code.
Package caption Info: End \AtBeginDocument code.
 <Logo_URJC.png, id=184, 1027.84pt x 1027.84pt>
File: Logo_URJC.png Graphic file (type png)

<use Logo_URJC.png>
Package pdftex.def Info: Logo_URJC.png used on input line 40.
(pdftex.def)             Requested size: 142.26378pt x 142.24985pt.
 [1

{/var/lib/texmf/fonts/map/pdftex/updmap/pdftex.map} <./Logo_URJC.png>] (./memor
ia.toc
LaTeX Font Info:    Try loading font information for U+msa on input line 5.

(/usr/share/texlive/texmf-dist/tex/latex/amsfonts/umsa.fd
File: umsa.fd 2013/01/14 v3.01 AMS symbols A
)
LaTeX Font Info:    Try loading font information for U+msb on input line 5.

(/usr/share/texlive/texmf-dist/tex/latex/amsfonts/umsb.fd
File: umsb.fd 2013/01/14 v3.01 AMS symbols B
) [2])
\tf@toc=\write4
\openout4 = `memoria.toc'.

 [3]

LaTeX Warning: Citation `rosenblat' on page 4 undefined on input line 106.

[4

] <intro/model.png, id=261, 686.26387pt x 398.08725pt>
File: intro/model.png Graphic file (type png)
 <use intro/model.png>
Package pdftex.def Info: intro/model.png used on input line 117.
(pdftex.def)             Requested size: 341.43306pt x 198.0591pt.

Underfull \vbox (badness 10000) has occurred while \output is active []

 [5]
LaTeX Font Info:    Try loading font information for OMS+cmr on input line 127.


(/usr/share/texlive/texmf-dist/tex/latex/base/omscmr.fd
File: omscmr.fd 2014/09/29 v2.5h Standard LaTeX font definitions
)
LaTeX Font Info:    Font shape `OMS/cmr/m/n' in size <12> not available
(Font)              Font shape `OMS/cmsy/m/n' tried instead on input line 127.
 [6 <./intro/model.png>] <intro/iamgeWihtou.png, id=291, 2681.217pt x 1501.7706
pt>
File: intro/iamgeWihtou.png Graphic file (type png)

<use intro/iamgeWihtou.png>
Package pdftex.def Info: intro/iamgeWihtou.png used on input line 172.
(pdftex.def)             Requested size: 318.66948pt x 178.48605pt.

Overfull \hbox (0.67188pt too wide) in paragraph at lines 184--185
[]\OT1/cmr/bx/n/12 Parallel com-pu-ta-tion\OT1/cmr/m/n/12 , The in-creas-ing of
 com-put-ing ca-pa-bil-i-ties helped train larger
 []

[7 <./intro/iamgeWihtou.png>]
Overfull \hbox (2.96642pt too wide) in paragraph at lines 239--240
\OT1/cmr/m/n/12 Besides of the pre-vi-ous stated ob-jec-tives, the so-lu-tion m
ust guar-an-tee the next re-quirments: 
 []

[8] <intro/deteccions.jpg, id=322, 1927.2pt x 1084.05pt>
File: intro/deteccions.jpg Graphic file (type jpg)

<use intro/deteccions.jpg>
Package pdftex.def Info: intro/deteccions.jpg used on input line 283.
(pdftex.def)             Requested size: 130.88284pt x 73.60855pt.
 <intro/pounts.jpg, id=323, 1927.2pt x 1084.05pt>
File: intro/pounts.jpg Graphic file (type jpg)

<use intro/pounts.jpg>
Package pdftex.def Info: intro/pounts.jpg used on input line 284.
(pdftex.def)             Requested size: 130.88284pt x 73.60855pt.
 <intro/alcover2.png, id=324, 583.27913pt x 325.215pt>
File: intro/alcover2.png Graphic file (type png)

<use intro/alcover2.png>
Package pdftex.def Info: intro/alcover2.png used on input line 285.
(pdftex.def)             Requested size: 130.88284pt x 72.97668pt.
 <intro/out2.png, id=325, 128.48pt x 256.96pt>
File: intro/out2.png Graphic file (type png)

<use intro/out2.png>
Package pdftex.def Info: intro/out2.png used on input line 286.
(pdftex.def)             Requested size: 36.9877pt x 73.97733pt.

Underfull \hbox (badness 10000) in paragraph at lines 286--286
[]\OT1/cmr/m/n/10 (d)
 []


Underfull \hbox (badness 10000) in paragraph at lines 286--286
\OT1/cmr/m/n/10 Iden-tity
 []

<intro/objesName.png, id=327, 2681.217pt x 1501.7706pt>
File: intro/objesName.png Graphic file (type png)

<use intro/objesName.png>
Package pdftex.def Info: intro/objesName.png used on input line 305.
(pdftex.def)             Requested size: 318.66948pt x 178.48605pt.
 [9 <./intro/deteccions.jpg> <./intro/pounts.jpg> <./intro/alcover2.png> <./int
ro/out2.png (PNG copy)>]
<objectDetection/retall1.png, id=353, 346.29375pt x 311.06212pt>
File: objectDetection/retall1.png Graphic file (type png)

<use objectDetection/retall1.png>
Package pdftex.def Info: objectDetection/retall1.png used on input line 342.
(pdftex.def)             Requested size: 199.16928pt x 178.91153pt.

<objectDetection/retall2.png, id=354, 346.29375pt x 311.06212pt>
File: objectDetection/retall2.png Graphic file (type png)

<use objectDetection/retall2.png>
Package pdftex.def Info: objectDetection/retall2.png used on input line 343.
(pdftex.def)             Requested size: 199.16928pt x 178.91153pt.

Underfull \vbox (badness 10000) has occurred while \output is active []

 [10 <./intro/objesName.png>]
<objectDetection/ssdArchitecture2.png, id=371, 738.65962pt x 271.31363pt>
File: objectDetection/ssdArchitecture2.png Graphic file (type png)

<use objectDetection/ssdArchitecture2.png>
Package pdftex.def Info: objectDetection/ssdArchitecture2.png used on input lin
e 353.
(pdftex.def)             Requested size: 341.43306pt x 125.4102pt.

<objectDetection/comparisionTensor.png, id=375, 697.70662pt x 421.27388pt>
File: objectDetection/comparisionTensor.png Graphic file (type png)

<use objectDetection/comparisionTensor.png>
Package pdftex.def Info: objectDetection/comparisionTensor.png used on input li
ne 392.
(pdftex.def)             Requested size: 409.71692pt x 247.39236pt.

Underfull \vbox (badness 10000) has occurred while \output is active []

 [11 <./objectDetection/retall1.png> <./objectDetection/retall2.png> <./objectD
etection/ssdArchitecture2.png>]
Underfull \vbox (badness 3209) has occurred while \output is active []

 [12 <./objectDetection/comparisionTensor.png>]
<lucasKanade/flat.png, id=394, 278.54062pt x 274.626pt>
File: lucasKanade/flat.png Graphic file (type png)

<use lucasKanade/flat.png>
Package pdftex.def Info: lucasKanade/flat.png used on input line 456.
(pdftex.def)             Requested size: 142.26378pt x 140.26692pt.

<lucasKanade/edge.png, id=395, 274.626pt x 275.22826pt>
File: lucasKanade/edge.png Graphic file (type png)

<use lucasKanade/edge.png>
Package pdftex.def Info: lucasKanade/edge.png used on input line 457.
(pdftex.def)             Requested size: 142.26378pt x 142.57356pt.

<lucasKanade/corner.png, id=396, 272.81924pt x 268.6035pt>
File: lucasKanade/corner.png Graphic file (type png)

<use lucasKanade/corner.png>
Package pdftex.def Info: lucasKanade/corner.png used on input line 458.
(pdftex.def)             Requested size: 142.26378pt x 140.06808pt.
 [13 <./lucasKanade/flat.png> <./lucasKanade/edge.png> <./lucasKanade/corner.pn
g>]
<lucasKanade/retall1g.png, id=413, 1171.37625pt x 890.32625pt>
File: lucasKanade/retall1g.png Graphic file (type png)

<use lucasKanade/retall1g.png>
Package pdftex.def Info: lucasKanade/retall1g.png used on input line 534.
(pdftex.def)             Requested size: 142.26378pt x 108.12514pt.

<lucasKanade/retall2g.png, id=414, 1171.37625pt x 890.32625pt>
File: lucasKanade/retall2g.png Graphic file (type png)

<use lucasKanade/retall2g.png>
Package pdftex.def Info: lucasKanade/retall2g.png used on input line 535.
(pdftex.def)             Requested size: 142.26378pt x 108.12514pt.
 [14] [15 <./lucasKanade/retall1g.png (PNG copy)> <./lucasKanade/retall2g.png (
PNG copy)>]

LaTeX Warning: Citation `horn' on page 16 undefined on input line 576.

[16] <lucasKanade/piram.png, id=438, 723.30225pt x 440.847pt>
File: lucasKanade/piram.png Graphic file (type png)

<use lucasKanade/piram.png>
Package pdftex.def Info: lucasKanade/piram.png used on input line 676.
(pdftex.def)             Requested size: 273.14923pt x 166.48094pt.
 [17 <./lucasKanade/piram.png>] [18]
<siamese/retall1.png, id=482, 803.0pt x 1067.99pt>
File: siamese/retall1.png Graphic file (type png)
 <use siamese/retall1.png>
Package pdftex.def Info: siamese/retall1.png used on input line 734.
(pdftex.def)             Requested size: 76.82234pt x 102.16084pt.

Underfull \hbox (badness 10000) in paragraph at lines 734--734
[]\OT1/cmr/m/n/10 (a) Cost func-
 []

<siamese/retall2.png, id=483, 803.0pt x 1067.99pt>
File: siamese/retall2.png Graphic file (type png)
 <use siamese/retall2.png>
Package pdftex.def Info: siamese/retall2.png used on input line 735.
(pdftex.def)             Requested size: 76.82234pt x 102.16084pt.

<siamese/retall3.png, id=484, 803.0pt x 1067.99pt>
File: siamese/retall3.png Graphic file (type png)
 <use siamese/retall3.png>
Package pdftex.def Info: siamese/retall3.png used on input line 736.
(pdftex.def)             Requested size: 76.82234pt x 102.16084pt.


LaTeX Warning: Citation `ahmed' on page 19 undefined on input line 749.


LaTeX Warning: Citation `lealTaixe' on page 19 undefined on input line 751.


Underfull \vbox (badness 1325) has occurred while \output is active []

 [19 <./siamese/retall1.png (PNG copy)> <./siamese/retall2.png (PNG copy)> <./s
iamese/retall3.png (PNG copy)>] <flows/arc.png, id=502, 340.27126pt x 658.46pt>
File: flows/arc.png Graphic file (type png)

<use flows/arc.png>
Package pdftex.def Info: flows/arc.png used on input line 776.
(pdftex.def)             Requested size: 170.71652pt x 330.35449pt.
 <flows/detetc.png, id=503, 339.2675pt x 520.94624pt>
File: flows/detetc.png Graphic file (type png)

<use flows/detetc.png>
Package pdftex.def Info: flows/detetc.png used on input line 778.
(pdftex.def)             Requested size: 170.71652pt x 262.13382pt.

Underfull \vbox (badness 10000) has occurred while \output is active []

 [20]
File: intro/deteccions.jpg Graphic file (type jpg)

<use intro/deteccions.jpg>
Package pdftex.def Info: intro/deteccions.jpg used on input line 796.
(pdftex.def)             Requested size: 284.52756pt x 160.03659pt.
 [21 <./flows/arc.png> <./flows/detetc.png>]
<objectDetection/det.png, id=520, 2681.217pt x 1501.7706pt>
File: objectDetection/det.png Graphic file (type png)

<use objectDetection/det.png>
Package pdftex.def Info: objectDetection/det.png used on input line 810.
(pdftex.def)             Requested size: 426.79134pt x 239.05078pt.
File: intro/pounts.jpg Graphic file (type jpg)
 <use intro/pounts.jpg>
Package pdftex.def Info: intro/pounts.jpg used on input line 846.
(pdftex.def)             Requested size: 199.16928pt x 112.01733pt.
File: intro/alcover2.png Graphic file (type png)
 <use intro/alcover2.png>
Package pdftex.def Info: intro/alcover2.png used on input line 847.
(pdftex.def)             Requested size: 199.16928pt x 111.04802pt.

[22 <./objectDetection/det.png>]
<changeCamera/tomeu.png, id=538, 2071.74pt x 501.875pt>
File: changeCamera/tomeu.png Graphic file (type png)

<use changeCamera/tomeu.png>
Package pdftex.def Info: changeCamera/tomeu.png used on input line 864.
(pdftex.def)             Requested size: 409.71692pt x 99.24748pt.

<changeCamera/out2.png, id=540, 2192.19pt x 501.875pt>
File: changeCamera/out2.png Graphic file (type png)

<use changeCamera/out2.png>
Package pdftex.def Info: changeCamera/out2.png used on input line 872.
(pdftex.def)             Requested size: 409.71692pt x 93.795pt.
 [23 <./changeCamera/tomeu.png (PNG copy)> <./changeCamera/out2.png (PNG copy)>
]
<tracker/preprocesing.png, id=554, 2681.217pt x 1501.7706pt>
File: tracker/preprocesing.png Graphic file (type png)

<use tracker/preprocesing.png>
Package pdftex.def Info: tracker/preprocesing.png used on input line 908.
(pdftex.def)             Requested size: 409.71692pt x 229.47226pt.
 [24 <./tracker/preprocesing.png>]
<implementation/pointsSIN_EQU.jpg, id=563, 135.50626pt x 326.21875pt>
File: implementation/pointsSIN_EQU.jpg Graphic file (type jpg)

<use implementation/pointsSIN_EQU.jpg>
Package pdftex.def Info: implementation/pointsSIN_EQU.jpg used on input line 91
8.
(pdftex.def)             Requested size: 85.35826pt x 205.49898pt.

<implementation/pointsEQU.jpg, id=564, 135.50626pt x 326.21875pt>
File: implementation/pointsEQU.jpg Graphic file (type jpg)

<use implementation/pointsEQU.jpg>
Package pdftex.def Info: implementation/pointsEQU.jpg used on input line 919.
(pdftex.def)             Requested size: 85.35826pt x 205.49898pt.

<tracker/forwardBack.png, id=567, 914.2155pt x 268.90463pt>
File: tracker/forwardBack.png Graphic file (type png)

<use tracker/forwardBack.png>
Package pdftex.def Info: tracker/forwardBack.png used on input line 961.
(pdftex.def)             Requested size: 199.16928pt x 58.58064pt.

<tracker/forwardBack2.png, id=568, 716.07526pt x 311.06212pt>
File: tracker/forwardBack2.png Graphic file (type png)

<use tracker/forwardBack2.png>
Package pdftex.def Info: tracker/forwardBack2.png used on input line 962.
(pdftex.def)             Requested size: 199.16928pt x 86.51773pt.

Underfull \vbox (badness 10000) has occurred while \output is active []

 [25 <./implementation/pointsSIN_EQU.jpg> <./implementation/pointsEQU.jpg>]
<implementation/matching.png, id=578, 987.2082pt x 1172.9421pt>
File: implementation/matching.png Graphic file (type png)

<use implementation/matching.png>
Package pdftex.def Info: implementation/matching.png used on input line 988.
(pdftex.def)             Requested size: 136.57462pt x 162.25993pt.
 [26 <./tracker/forwardBack.png> <./tracker/forwardBack2.png> <./implementation
/matching.png>]
<implementation/reejctMore.png, id=590, 135.50626pt x 326.21875pt>
File: implementation/reejctMore.png Graphic file (type png)

<use implementation/reejctMore.png>
Package pdftex.def Info: implementation/reejctMore.png used on input line 999.
(pdftex.def)             Requested size: 71.13188pt x 171.24748pt.

Underfull \hbox (badness 10000) in paragraph at lines 999--999
[]\OT1/cmr/m/n/10 (a) Im-age
 []

<implementation/filterVeloPoints.png, id=591, 2681.217pt x 1501.7706pt>
File: implementation/filterVeloPoints.png Graphic file (type png)

<use implementation/filterVeloPoints.png>
Package pdftex.def Info: implementation/filterVeloPoints.png used on input line
 1000.
(pdftex.def)             Requested size: 369.88582pt x 207.17583pt.

<implementation/foto004.png, id=593, 125.46875pt x 326.21875pt>
File: implementation/foto004.png Graphic file (type png)

<use implementation/foto004.png>
Package pdftex.def Info: implementation/foto004.png used on input line 1011.
(pdftex.def)             Requested size: 71.13188pt x 184.95107pt.

Underfull \hbox (badness 10000) in paragraph at lines 1011--1011
[]\OT1/cmr/m/n/10 (a) Im-age
 []

<implementation/figurePoints.png, id=594, 2681.217pt x 1501.7706pt>
File: implementation/figurePoints.png Graphic file (type png)

<use implementation/figurePoints.png>
Package pdftex.def Info: implementation/figurePoints.png used on input line 101
2.
(pdftex.def)             Requested size: 369.88582pt x 207.17583pt.
 [27 <./implementation/reejctMore.png (PNG copy)> <./implementation/filterVeloP
oints.png> <./implementation/foto004.png (PNG copy)> <./implementation/figurePo
ints.png>]
<velocidadas/mateuPont.png, id=608, 1686.3pt x 487.8225pt>
File: velocidadas/mateuPont.png Graphic file (type png)

<use velocidadas/mateuPont.png>
Package pdftex.def Info: velocidadas/mateuPont.png used on input line 1025.
(pdftex.def)             Requested size: 409.71692pt x 118.52383pt.

<velocidadas/bad_threshold.png, id=611, 2681.217pt x 1501.7706pt>
File: velocidadas/bad_threshold.png Graphic file (type png)

<use velocidadas/bad_threshold.png>
Package pdftex.def Info: velocidadas/bad_threshold.png used on input line 1035.

(pdftex.def)             Requested size: 409.71692pt x 229.47226pt.

Underfull \vbox (badness 10000) has occurred while \output is active []

 [28 <./velocidadas/mateuPont.png (PNG copy)>]
File: velocidadas/mateuPont.png Graphic file (type png)
 <use velocidadas/mateuPont.png>
Package pdftex.def Info: velocidadas/mateuPont.png used on input line 1046.
(pdftex.def)             Requested size: 426.79134pt x 123.45892pt.
File: velocidadas/bad_threshold.png Graphic file (type png)

<use velocidadas/bad_threshold.png>
Package pdftex.def Info: velocidadas/bad_threshold.png used on input line 1047.

(pdftex.def)             Requested size: 455.24408pt x 254.9768pt.

Underfull \vbox (badness 10000) has occurred while \output is active []

 [29 <./velocidadas/bad_threshold.png>] [30]
<lucasKanade/dataAssociation.jpg, id=633, 1927.2pt x 1084.05pt>
File: lucasKanade/dataAssociation.jpg Graphic file (type jpg)

<use lucasKanade/dataAssociation.jpg>
Package pdftex.def Info: lucasKanade/dataAssociation.jpg used on input line 107
7.
(pdftex.def)             Requested size: 341.43306pt x 192.0439pt.
File: siamese/retall1.png Graphic file (type png)
 <use siamese/retall1.png>
Package pdftex.def Info: siamese/retall1.png used on input line 1116.
(pdftex.def)             Requested size: 76.82234pt x 102.16084pt.

Underfull \hbox (badness 10000) in paragraph at lines 1116--1116
[]\OT1/cmr/m/n/10 (a) Cost func-
 []

File: siamese/retall2.png Graphic file (type png)
<use siamese/retall2.png>
Package pdftex.def Info: siamese/retall2.png used on input line 1117.
(pdftex.def)             Requested size: 76.82234pt x 102.16084pt.
File: siamese/retall3.png Graphic file (type png)
 <use siamese/retall3.png>
Package pdftex.def Info: siamese/retall3.png used on input line 1118.
(pdftex.def)             Requested size: 76.82234pt x 102.16084pt.

<siamese/cosineDistance.png, id=636, 240.9pt x 320.397pt>
File: siamese/cosineDistance.png Graphic file (type png)

<use siamese/cosineDistance.png>
Package pdftex.def Info: siamese/cosineDistance.png used on input line 1119.
(pdftex.def)             Requested size: 76.82234pt x 102.17224pt.

<siamese/retall2cnnMAss.png, id=637, 240.9pt x 320.397pt>
File: siamese/retall2cnnMAss.png Graphic file (type png)

<use siamese/retall2cnnMAss.png>
Package pdftex.def Info: siamese/retall2cnnMAss.png used on input line 1120.
(pdftex.def)             Requested size: 76.82234pt x 102.17224pt.

Underfull \hbox (badness 10000) in paragraph at lines 1120--1120
[]\OT1/cmr/m/n/10 (e) Cnn fine-
 []

[31 <./lucasKanade/dataAssociation.jpg>]
<siameseDev/flatten2.png, id=645, 779.91376pt x 575.14874pt>
File: siameseDev/flatten2.png Graphic file (type png)

<use siameseDev/flatten2.png>
Package pdftex.def Info: siameseDev/flatten2.png used on input line 1153.
(pdftex.def)             Requested size: 128.0374pt x 94.42154pt.

<siameseDev/globalPooling.png, id=646, 178.86826pt x 172.54463pt>
File: siameseDev/globalPooling.png Graphic file (type png)

<use siameseDev/globalPooling.png>
Package pdftex.def Info: siameseDev/globalPooling.png used on input line 1154.
(pdftex.def)             Requested size: 113.81102pt x 109.78577pt.

<siameseDev/spp2.png, id=647, 779.91376pt x 575.14874pt>
File: siameseDev/spp2.png Graphic file (type png)

<use siameseDev/spp2.png>
Package pdftex.def Info: siameseDev/spp2.png used on input line 1155.
(pdftex.def)             Requested size: 113.81102pt x 83.92538pt.

Underfull \vbox (badness 10000) has occurred while \output is active []

 [32 <./siamese/cosineDistance.png> <./siamese/retall2cnnMAss.png>]
<dataAugmentation/resizedImage.jpg, id=661, 64.24pt x 128.48pt>
File: dataAugmentation/resizedImage.jpg Graphic file (type jpg)

<use dataAugmentation/resizedImage.jpg>
Package pdftex.def Info: dataAugmentation/resizedImage.jpg used on input line 1
187.
(pdftex.def)             Requested size: 56.9055pt x 113.81358pt.

Underfull \hbox (badness 10000) in paragraph at lines 1187--1187
[]\OT1/cmr/m/n/10 (a) Orig-i-nal
 []

<dataAugmentation/imageBrightnes.jpg, id=662, 64.24pt x 128.48pt>
File: dataAugmentation/imageBrightnes.jpg Graphic file (type jpg)

<use dataAugmentation/imageBrightnes.jpg>
Package pdftex.def Info: dataAugmentation/imageBrightnes.jpg used on input line
 1188.
(pdftex.def)             Requested size: 56.9055pt x 113.81358pt.

Underfull \hbox (badness 10000) in paragraph at lines 1188--1188
[]\OT1/cmr/m/n/10 (b) Ran-
 []


Underfull \hbox (badness 10000) in paragraph at lines 1188--1188
\OT1/cmr/m/n/10 dom im-age
 []

<dataAugmentation/imageRandomCrop.jpg, id=663, 64.24pt x 128.48pt>
File: dataAugmentation/imageRandomCrop.jpg Graphic file (type jpg)

<use dataAugmentation/imageRandomCrop.jpg>
Package pdftex.def Info: dataAugmentation/imageRandomCrop.jpg used on input lin
e 1189.
(pdftex.def)             Requested size: 56.9055pt x 113.81358pt.

Underfull \hbox (badness 10000) in paragraph at lines 1189--1189
[]\OT1/cmr/m/n/10 (c) Ran-dom
 []

<dataAugmentation/imageVerticalFlip.jpg, id=664, 64.24pt x 128.48pt>
File: dataAugmentation/imageVerticalFlip.jpg Graphic file (type jpg)

<use dataAugmentation/imageVerticalFlip.jpg>
Package pdftex.def Info: dataAugmentation/imageVerticalFlip.jpg used on input l
ine 1190.
(pdftex.def)             Requested size: 56.9055pt x 113.81358pt.

Underfull \hbox (badness 10000) in paragraph at lines 1190--1190
[]\OT1/cmr/m/n/10 (d) Ver-ti-cal
 []

<dataAugmentation/imageGaussianBlur.jpg, id=665, 64.24pt x 128.48pt>
File: dataAugmentation/imageGaussianBlur.jpg Graphic file (type jpg)

<use dataAugmentation/imageGaussianBlur.jpg>
Package pdftex.def Info: dataAugmentation/imageGaussianBlur.jpg used on input l
ine 1191.
(pdftex.def)             Requested size: 56.9055pt x 113.81358pt.

<dataAugmentation/imageRandomShadow.jpg, id=666, 64.24pt x 128.48pt>
File: dataAugmentation/imageRandomShadow.jpg Graphic file (type jpg)

<use dataAugmentation/imageRandomShadow.jpg>
Package pdftex.def Info: dataAugmentation/imageRandomShadow.jpg used on input l
ine 1192.
(pdftex.def)             Requested size: 56.9055pt x 113.81358pt.

Underfull \hbox (badness 10000) in paragraph at lines 1192--1192
[]\OT1/cmr/m/n/10 (f) Ran-dom
 []

<dataAugmentation/imageZoomIn.jpg, id=667, 64.24pt x 128.48pt>
File: dataAugmentation/imageZoomIn.jpg Graphic file (type jpg)

<use dataAugmentation/imageZoomIn.jpg>
Package pdftex.def Info: dataAugmentation/imageZoomIn.jpg used on input line 11
95.
(pdftex.def)             Requested size: 56.9055pt x 113.81358pt.

<dataAugmentation/imageTransormed.jpg, id=668, 64.24pt x 128.48pt>
File: dataAugmentation/imageTransormed.jpg Graphic file (type jpg)

<use dataAugmentation/imageTransormed.jpg>
Package pdftex.def Info: dataAugmentation/imageTransormed.jpg used on input lin
e 1196.
(pdftex.def)             Requested size: 56.9055pt x 113.81358pt.

Underfull \hbox (badness 1424) in paragraph at lines 1196--1196
\OT1/cmr/m/n/10 and trans-la-
 []

<dataAugmentation/imageZoomOut.jpg, id=669, 64.24pt x 128.48pt>
File: dataAugmentation/imageZoomOut.jpg Graphic file (type jpg)

<use dataAugmentation/imageZoomOut.jpg>
Package pdftex.def Info: dataAugmentation/imageZoomOut.jpg used on input line 1
197.
(pdftex.def)             Requested size: 56.9055pt x 113.81358pt.

Underfull \hbox (badness 10000) in paragraph at lines 1197--1197
[]\OT1/cmr/m/n/10 (i) Zoom
 []

<dataAugmentation/imageNoiseGaussian.jpg, id=670, 64.24pt x 128.48pt>
File: dataAugmentation/imageNoiseGaussian.jpg Graphic file (type jpg)

<use dataAugmentation/imageNoiseGaussian.jpg>
Package pdftex.def Info: dataAugmentation/imageNoiseGaussian.jpg used on input 
line 1198.
(pdftex.def)             Requested size: 56.9055pt x 113.81358pt.

Underfull \hbox (badness 3039) in paragraph at lines 1198--1198
[]\OT1/cmr/m/n/10 (j) Gaus-sian
 []

<dataAugmentation/imageBLURcenter.jpg, id=671, 64.24pt x 128.48pt>
File: dataAugmentation/imageBLURcenter.jpg Graphic file (type jpg)

<use dataAugmentation/imageBLURcenter.jpg>
Package pdftex.def Info: dataAugmentation/imageBLURcenter.jpg used on input lin
e 1199.
(pdftex.def)             Requested size: 56.9055pt x 113.81358pt.

Underfull \vbox (badness 10000) has occurred while \output is active []

 [33 <./siameseDev/flatten2.png (PNG copy)> <./siameseDev/globalPooling.png> <.
/siameseDev/spp2.png (PNG copy)>] <siameseDev/loss.png, id=684, 462.528pt x 346
.896pt>
File: siameseDev/loss.png Graphic file (type png)

<use siameseDev/loss.png>
Package pdftex.def Info: siameseDev/loss.png used on input line 1210.
(pdftex.def)             Requested size: 213.39566pt x 160.05048pt.

<siameseDev/accuracy.png, id=685, 462.528pt x 346.896pt>
File: siameseDev/accuracy.png Graphic file (type png)

<use siameseDev/accuracy.png>
Package pdftex.def Info: siameseDev/accuracy.png used on input line 1211.
(pdftex.def)             Requested size: 213.39566pt x 160.05048pt.
 [34 <./dataAugmentation/resizedImage.jpg> <./dataAugmentation/imageBrightnes.j
pg> <./dataAugmentation/imageRandomCrop.jpg> <./dataAugmentation/imageVerticalF
lip.jpg> <./dataAugmentation/imageGaussianBlur.jpg> <./dataAugmentation/imageRa
ndomShadow.jpg> <./dataAugmentation/imageZoomIn.jpg> <./dataAugmentation/imageT
ransormed.jpg> <./dataAugmentation/imageZoomOut.jpg> <./dataAugmentation/imageN
oiseGaussian.jpg> <./dataAugmentation/imageBLURcenter.jpg> <./siameseDev/loss.p
ng> <./siameseDev/accuracy.png>]
<siameseDev/cmcNetwors.png, id=707, 2681.217pt x 1501.7706pt>
File: siameseDev/cmcNetwors.png Graphic file (type png)

<use siameseDev/cmcNetwors.png>
Package pdftex.def Info: siameseDev/cmcNetwors.png used on input line 1223.
(pdftex.def)             Requested size: 341.43306pt x 191.22688pt.

<siameseDev/results.png, id=708, 2681.217pt x 1501.7706pt>
File: siameseDev/results.png Graphic file (type png)

<use siameseDev/results.png>
Package pdftex.def Info: siameseDev/results.png used on input line 1231.
(pdftex.def)             Requested size: 341.43306pt x 191.22688pt.
 [35 <./siameseDev/cmcNetwors.png> <./siameseDev/results.png>] <datasets/log1.p
ng, id=719, 2681.217pt x 1501.7706pt>
File: datasets/log1.png Graphic file (type png)

<use datasets/log1.png>
Package pdftex.def Info: datasets/log1.png used on input line 1288.
(pdftex.def)             Requested size: 318.66948pt x 178.48605pt.
 [36 <./datasets/log1.png>] [37]
<datasets/sdad2.png, id=737, 2681.217pt x 1501.7706pt>
File: datasets/sdad2.png Graphic file (type png)

<use datasets/sdad2.png>
Package pdftex.def Info: datasets/sdad2.png used on input line 1398.
(pdftex.def)             Requested size: 318.66948pt x 178.48605pt.


LaTeX Warning: Reference `instancesImage' on page 38 undefined on input line 14
02.

<datasets/pascal.jpg, id=739, 502.87875pt x 377.41pt>
File: datasets/pascal.jpg Graphic file (type jpg)

<use datasets/pascal.jpg>
Package pdftex.def Info: datasets/pascal.jpg used on input line 1415.
(pdftex.def)             Requested size: 147.95424pt x 111.03552pt.

<datasets/imagenet.jpg, id=740, 192.72pt x 146.146pt>
File: datasets/imagenet.jpg Graphic file (type jpg)

<use datasets/imagenet.jpg>
Package pdftex.def Info: datasets/imagenet.jpg used on input line 1416.
(pdftex.def)             Requested size: 147.95424pt x 112.19826pt.
 <datasets/coco.jpg, id=741, 120.45pt x 79.9788pt>
File: datasets/coco.jpg Graphic file (type jpg)

<use datasets/coco.jpg>
Package pdftex.def Info: datasets/coco.jpg used on input line 1417.
(pdftex.def)             Requested size: 147.95424pt x 98.2513pt.

Underfull \vbox (badness 10000) has occurred while \output is active []

 [38 <./datasets/sdad2.png>]
Overfull \hbox (3.32803pt too wide) in paragraph at lines 1428--1436
 [][] 
 []

[39 <./datasets/pascal.jpg> <./datasets/imagenet.jpg> <./datasets/coco.jpg>]
<evaluacionObject/interpol.png, id=761, 2681.217pt x 1501.7706pt>
File: evaluacionObject/interpol.png Graphic file (type png)

<use evaluacionObject/interpol.png>
Package pdftex.def Info: evaluacionObject/interpol.png used on input line 1468.

(pdftex.def)             Requested size: 318.66948pt x 178.48605pt.
 [40 <./evaluacionObject/interpol.png>]
<datasetTracking/View_001.jpg, id=771, 250.9375pt x 188.705pt>
File: datasetTracking/View_001.jpg Graphic file (type jpg)

<use datasetTracking/View_001.jpg>
Package pdftex.def Info: datasetTracking/View_001.jpg used on input line 1512.
(pdftex.def)             Requested size: 227.62206pt x 171.18048pt.
 [41 <./datasetTracking/View_001.jpg>]
<datasetTracking/trackins.png, id=783, 870.25125pt x 489.62926pt>
File: datasetTracking/trackins.png Graphic file (type png)

<use datasetTracking/trackins.png>
Package pdftex.def Info: datasetTracking/trackins.png used on input line 1540.
(pdftex.def)             Requested size: 318.66948pt x 179.29219pt.
 [42 <./datasetTracking/trackins.png>]
[43]
Overfull \hbox (2.47058pt too wide) in paragraph at lines 1596--1597
\OT1/cmr/m/n/12 When eval-u-at-ing iden-ti-fi-ca-tion al-go-rithms, the cu-mu-l
a-tive match-ing char-ac-ter-is-tics (CMC)
 []

[44]
<graphicsRearrange/temps/timeGenral.png, id=832, 2681.217pt x 1501.7706pt>
File: graphicsRearrange/temps/timeGenral.png Graphic file (type png)

<use graphicsRearrange/temps/timeGenral.png>
Package pdftex.def Info: graphicsRearrange/temps/timeGenral.png used on input l
ine 1680.
(pdftex.def)             Requested size: 409.71692pt x 229.47226pt.

Underfull \vbox (badness 10000) has occurred while \output is active []

 [45]
<graphicsRearrange/temps/timeSpecfici.png, id=840, 2681.217pt x 1501.7706pt>
File: graphicsRearrange/temps/timeSpecfici.png Graphic file (type png)

<use graphicsRearrange/temps/timeSpecfici.png>
Package pdftex.def Info: graphicsRearrange/temps/timeSpecfici.png used on input
 line 1688.
(pdftex.def)             Requested size: 409.71692pt x 229.47226pt.

<graphicsRearrange/points/points1.png, id=842, 2681.217pt x 1501.7706pt>
File: graphicsRearrange/points/points1.png Graphic file (type png)

<use graphicsRearrange/points/points1.png>
Package pdftex.def Info: graphicsRearrange/points/points1.png used on input lin
e 1700.
(pdftex.def)             Requested size: 204.85974pt x 114.73613pt.

<graphicsRearrange/points/timss.png, id=843, 2681.217pt x 1501.7706pt>
File: graphicsRearrange/points/timss.png Graphic file (type png)

<use graphicsRearrange/points/timss.png>
Package pdftex.def Info: graphicsRearrange/points/timss.png used on input line 
1701.
(pdftex.def)             Requested size: 204.85974pt x 114.73613pt.
 [46 <./graphicsRearrange/temps/timeGenral.png> <./graphicsRearrange/temps/time
Specfici.png>]
<changeCamera/tomeuTetx.png, id=853, 365.365pt x 501.875pt>
File: changeCamera/tomeuTetx.png Graphic file (type png)

<use changeCamera/tomeuTetx.png>
Package pdftex.def Info: changeCamera/tomeuTetx.png used on input line 1729.
(pdftex.def)             Requested size: 142.26378pt x 195.41647pt.

<changeCamera/donaTetx.png, id=854, 365.365pt x 501.875pt>
File: changeCamera/donaTetx.png Graphic file (type png)

<use changeCamera/donaTetx.png>
Package pdftex.def Info: changeCamera/donaTetx.png used on input line 1730.
(pdftex.def)             Requested size: 142.26378pt x 195.41647pt.

<changeCamera/foto004.png, id=855, 365.365pt x 501.875pt>
File: changeCamera/foto004.png Graphic file (type png)

<use changeCamera/foto004.png>
Package pdftex.def Info: changeCamera/foto004.png used on input line 1731.
(pdftex.def)             Requested size: 142.26378pt x 195.41647pt.

Underfull \vbox (badness 10000) has occurred while \output is active []

 [47 <./graphicsRearrange/points/points1.png> <./graphicsRearrange/points/timss
.png>]
(./memoria.bbl [48 <./changeCamera/tomeuTetx.png (PNG copy)> <./changeCamera/do
naTetx.png (PNG copy)> <./changeCamera/foto004.png (PNG copy)>] [49] [50]
Underfull \hbox (badness 1478) in paragraph at lines 285--288
[]\OT1/cmr/m/n/12 Paul B.  Sin-gle shot de-tec-tor ten-sor-flow.  []$\OT1/cmtt/
m/n/12 https : / / github . com / balancap /
 []

[51] [52]
Underfull \hbox (badness 1132) in paragraph at lines 383--388
\OT1/cmtt/m/n/12 ie . cuhk . edu . hk / []ccloy / downloads _ qmul _ undergroun
d _ reid . html$[] \OT1/cmr/m/n/12 [2016-12-15],
 []


Underfull \hbox (badness 10000) in paragraph at lines 390--395
\OT1/cmtt/m/n/12 ActiveVision / Research / Projects / 2009bbenfold _ headpose /
 project . html #
 []

)
Package atveryend Info: Empty hook `BeforeClearDocument' on input line 1773.
 [53] [54]
Package atveryend Info: Empty hook `AfterLastShipout' on input line 1773.
 (./memoria.aux)
Package atveryend Info: Executing hook `AtVeryEndDocument' on input line 1773.
Package atveryend Info: Executing hook `AtEndAfterFileList' on input line 1773.

Package rerunfilecheck Info: File `memoria.out' has not changed.
(rerunfilecheck)             Checksum: 5C15F85F54128F1449A82DA470369FD8;3073.


LaTeX Warning: There were undefined references.


LaTeX Warning: There were multiply-defined labels.

Package atveryend Info: Empty hook `AtVeryVeryEnd' on input line 1773.
 ) 
Here is how much of TeX's memory you used:
 11310 strings out of 494910
 168128 string characters out of 6179837
 264324 words of memory out of 5000000
 14060 multiletter control sequences out of 15000+600000
 12624 words of font info for 49 fonts, out of 8000000 for 9000
 36 hyphenation exceptions out of 8191
 36i,10n,39p,1324b,439s stack positions out of 5000i,500n,10000p,200000b,80000s
</usr/share/texlive/texmf-dist/fonts/type1/public/amsfonts/cm/cmbx12.pfb></us
r/share/texlive/texmf-dist/fonts/type1/public/amsfonts/cm/cmex10.pfb></usr/shar
e/texlive/texmf-dist/fonts/type1/public/amsfonts/cm/cmmi10.pfb></usr/share/texl
ive/texmf-dist/fonts/type1/public/amsfonts/cm/cmmi12.pfb></usr/share/texlive/te
xmf-dist/fonts/type1/public/amsfonts/cm/cmmi8.pfb></usr/share/texlive/texmf-dis
t/fonts/type1/public/amsfonts/cm/cmr10.pfb></usr/share/texlive/texmf-dist/fonts
/type1/public/amsfonts/cm/cmr12.pfb></usr/share/texlive/texmf-dist/fonts/type1/
public/amsfonts/cm/cmr8.pfb></usr/share/texlive/texmf-dist/fonts/type1/public/a
msfonts/cm/cmsy10.pfb></usr/share/texlive/texmf-dist/fonts/type1/public/amsfont
s/cm/cmsy8.pfb></usr/share/texlive/texmf-dist/fonts/type1/public/amsfonts/cm/cm
ti12.pfb></usr/share/texlive/texmf-dist/fonts/type1/public/amsfonts/cm/cmtt12.p
fb>
Output written on memoria.pdf (54 pages, 21539265 bytes).
PDF statistics:
 1018 PDF objects out of 1200 (max. 8388607)
 833 compressed objects within 9 object streams
 283 named destinations out of 1000 (max. 500000)
 731 words of extra memory for PDF output out of 10000 (max. 10000000)

