\BOOKMARK [1][-]{section.1}{Introduction}{}% 1
\BOOKMARK [2][-]{subsection.1.1}{Tracking with deep learning techiniques}{section.1}% 2
\BOOKMARK [1][-]{section.2}{Objectives}{}% 3
\BOOKMARK [2][-]{subsection.2.1}{Objectives}{section.2}% 4
\BOOKMARK [1][-]{section.3}{Theoretical basis}{}% 5
\BOOKMARK [2][-]{subsection.3.1}{Object detection}{section.3}% 6
\BOOKMARK [2][-]{subsection.3.2}{Tracking fundamentals}{section.3}% 7
\BOOKMARK [3][-]{subsubsection.3.2.1}{Features}{subsection.3.2}% 8
\BOOKMARK [3][-]{subsubsection.3.2.2}{Motion estimation}{subsection.3.2}% 9
\BOOKMARK [2][-]{subsection.3.3}{Person reIdentification}{section.3}% 10
\BOOKMARK [3][-]{subsubsection.3.3.1}{Siamese networks}{subsection.3.3}% 11
\BOOKMARK [1][-]{section.4}{Software implementation}{}% 12
\BOOKMARK [2][-]{subsection.4.1}{System Overview}{section.4}% 13
\BOOKMARK [2][-]{subsection.4.2}{Object detector}{section.4}% 14
\BOOKMARK [2][-]{subsection.4.3}{Tracker}{section.4}% 15
\BOOKMARK [3][-]{subsubsection.4.3.1}{Preprocessing and feature extractor}{subsection.4.3}% 16
\BOOKMARK [3][-]{subsubsection.4.3.2}{Motion estimation}{subsection.4.3}% 17
\BOOKMARK [3][-]{subsubsection.4.3.3}{Wrong trajectories}{subsection.4.3}% 18
\BOOKMARK [2][-]{subsection.4.4}{Data association}{section.4}% 19
\BOOKMARK [3][-]{subsubsection.4.4.1}{Siamese Network}{subsection.4.4}% 20
\BOOKMARK [2][-]{subsection.4.5}{Drawbacks}{section.4}% 21
\BOOKMARK [1][-]{section.5}{Datasets}{}% 22
\BOOKMARK [2][-]{subsection.5.1}{Datasets for object detection}{section.5}% 23
\BOOKMARK [3][-]{subsubsection.5.1.1}{Pascal Visual Objects Classes}{subsection.5.1}% 24
\BOOKMARK [3][-]{subsubsection.5.1.2}{VOC07}{subsection.5.1}% 25
\BOOKMARK [3][-]{subsubsection.5.1.3}{VOC12}{subsection.5.1}% 26
\BOOKMARK [3][-]{subsubsection.5.1.4}{ImageNet}{subsection.5.1}% 27
\BOOKMARK [3][-]{subsubsection.5.1.5}{COCO}{subsection.5.1}% 28
\BOOKMARK [3][-]{subsubsection.5.1.6}{Dataset comparison}{subsection.5.1}% 29
\BOOKMARK [3][-]{subsubsection.5.1.7}{Evaluation of object detection algorithms}{subsection.5.1}% 30
\BOOKMARK [2][-]{subsection.5.2}{Datasets for multiple object tracking}{section.5}% 31
\BOOKMARK [3][-]{subsubsection.5.2.1}{PETS}{subsection.5.2}% 32
\BOOKMARK [3][-]{subsubsection.5.2.2}{MOT challenge}{subsection.5.2}% 33
\BOOKMARK [3][-]{subsubsection.5.2.3}{Evaluation of multiple people tracking algorithms}{subsection.5.2}% 34
\BOOKMARK [2][-]{subsection.5.3}{Datasets for pedestrian identification}{section.5}% 35
\BOOKMARK [3][-]{subsubsection.5.3.1}{Evaluation for pedestrian identification}{subsection.5.3}% 36
\BOOKMARK [1][-]{section.6}{Experimentns}{}% 37
\BOOKMARK [1][-]{section.7}{Conclusions}{}% 38
\BOOKMARK [2][-]{subsection.7.1}{Future work}{section.7}% 39
