\BOOKMARK [0][-]{chapter*.4}{List of Figures}{}% 1
\BOOKMARK [0][-]{chapter*.5}{List of tables}{}% 2
\BOOKMARK [0][-]{chapter*.6}{Acronyms}{}% 3
\BOOKMARK [0][-]{chapter.1}{Introduction}{}% 4
\BOOKMARK [1][-]{section.1.1}{Computer vision}{chapter.1}% 5
\BOOKMARK [1][-]{section.1.2}{Object tracking}{chapter.1}% 6
\BOOKMARK [1][-]{section.1.3}{Deep learning in computer vision}{chapter.1}% 7
\BOOKMARK [0][-]{chapter.2}{Objectives}{}% 8
\BOOKMARK [1][-]{section.2.1}{Objective}{chapter.2}% 9
\BOOKMARK [2][-]{subsection.2.1.1}{Requirements}{section.2.1}% 10
\BOOKMARK [1][-]{section.2.2}{Methodology}{chapter.2}% 11
\BOOKMARK [0][-]{chapter.3}{Theoretical background}{}% 12
\BOOKMARK [1][-]{section.3.1}{Tracking}{chapter.3}% 13
\BOOKMARK [2][-]{subsection.3.1.1}{Detection in tracking}{section.3.1}% 14
\BOOKMARK [2][-]{subsection.3.1.2}{Feature tracking}{section.3.1}% 15
\BOOKMARK [3][-]{subsubsection.3.1.2.1}{Features}{subsection.3.1.2}% 16
\BOOKMARK [3][-]{subsubsection.3.1.2.2}{Motion estimation}{subsection.3.1.2}% 17
\BOOKMARK [1][-]{section.3.2}{Person re-Identification}{chapter.3}% 18
\BOOKMARK [2][-]{subsection.3.2.1}{Siamese networks}{section.3.2}% 19
\BOOKMARK [0][-]{chapter.4}{Software implementation}{}% 20
\BOOKMARK [1][-]{section.4.1}{System overview}{chapter.4}% 21
\BOOKMARK [1][-]{section.4.2}{System design}{chapter.4}% 22
\BOOKMARK [2][-]{subsection.4.2.1}{Object detector by neural networks}{section.4.2}% 23
\BOOKMARK [2][-]{subsection.4.2.2}{Feature tracking}{section.4.2}% 24
\BOOKMARK [2][-]{subsection.4.2.3}{Data association}{section.4.2}% 25
\BOOKMARK [0][-]{chapter.5}{Datasets and evaluation procedures}{}% 26
\BOOKMARK [1][-]{section.5.1}{Datasets for object detection}{chapter.5}% 27
\BOOKMARK [2][-]{subsection.5.1.1}{Pascal Visual Objects Classes}{section.5.1}% 28
\BOOKMARK [2][-]{subsection.5.1.2}{VOC07}{section.5.1}% 29
\BOOKMARK [2][-]{subsection.5.1.3}{VOC12}{section.5.1}% 30
\BOOKMARK [2][-]{subsection.5.1.4}{ImageNet}{section.5.1}% 31
\BOOKMARK [2][-]{subsection.5.1.5}{COCO}{section.5.1}% 32
\BOOKMARK [2][-]{subsection.5.1.6}{Dataset comparison}{section.5.1}% 33
\BOOKMARK [2][-]{subsection.5.1.7}{Evaluation of object detection algorithms}{section.5.1}% 34
\BOOKMARK [1][-]{section.5.2}{Datasets for multiple object tracking}{chapter.5}% 35
\BOOKMARK [2][-]{subsection.5.2.1}{PETS}{section.5.2}% 36
\BOOKMARK [2][-]{subsection.5.2.2}{MOT challenge}{section.5.2}% 37
\BOOKMARK [2][-]{subsection.5.2.3}{Evaluation of multiple people tracking algorithms}{section.5.2}% 38
\BOOKMARK [1][-]{section.5.3}{Datasets for pedestrian identification}{chapter.5}% 39
\BOOKMARK [2][-]{subsection.5.3.1}{Evaluation for pedestrian identification}{section.5.3}% 40
\BOOKMARK [0][-]{chapter.6}{Experiments}{}% 41
\BOOKMARK [1][-]{section.6.1}{Validation experiments}{chapter.6}% 42
\BOOKMARK [2][-]{subsection.6.1.1}{Object detector}{section.6.1}% 43
\BOOKMARK [2][-]{subsection.6.1.2}{Tracking module}{section.6.1}% 44
\BOOKMARK [3][-]{subsubsection.6.1.2.1}{Feature extraction}{subsection.6.1.2}% 45
\BOOKMARK [3][-]{subsubsection.6.1.2.2}{Matching module}{subsection.6.1.2}% 46
\BOOKMARK [2][-]{subsection.6.1.3}{Siamese networks}{section.6.1}% 47
\BOOKMARK [1][-]{section.6.2}{Algorithm evaluation}{chapter.6}% 48
\BOOKMARK [2][-]{subsection.6.2.1}{Performance}{section.6.2}% 49
\BOOKMARK [2][-]{subsection.6.2.2}{Timing}{section.6.2}% 50
\BOOKMARK [0][-]{chapter.7}{Conclusions}{}% 51
\BOOKMARK [1][-]{section.7.1}{Future work}{chapter.7}% 52
\BOOKMARK [0][-]{section.7.1}{Bibliograf\355a}{}% 53
\BOOKMARK [0][-]{chapter.8}{Annex}{}% 54
