This is pdfTeX, Version 3.14159265-2.6-1.40.16 (MiKTeX 2.9 64-bit) (preloaded format=pdftex 2016.5.24)  24 MAY 2016 11:05
entering extended mode
**"C:/Users/marc/Dropbox/TFM (Case Conflict)/estado del arte/estadoMayo/mybib.b
ib"

("C:/Users/marc/Dropbox/TFM (Case Conflict)/estado del arte/estadoMayo/mybib.bi
b"
! Missing $ inserted.
<inserted text> 
                $
<to be read again> 
                   _
l.63 doi="10.1007/978-3-319-10605-2_
                                    54",
? 
! Emergency stop.
<inserted text> 
                $
<to be read again> 
                   _
l.63 doi="10.1007/978-3-319-10605-2_
                                    54",
End of file on the terminal!

!  ==> Fatal error occurred, no output PDF file produced!
